/Users/woo/Documents/GitHub/Robot-Lab/rb-ArucoCube_Robot_multi_calibration/Step4_verify.py:1718: UserWarning: FigureCanvasAgg is non-interactive, and thus cannot be shown
  plt.show()
[INFO] Loaded public transforms: ['T_C0_C1', 'T_C0_C3', 'T_base_C0', 'T_base_C1', 'T_base_C3', 'T_base_O', 'T_gripper_cam']
[INFO] Loaded internal runtime transforms: 9 event-specific entries
[INFO] Cameras: [0, 1, 2, 3], gripper=cam2
[INFO] cube config source: config_py:CubeConfig
[INFO] cube id_to_face: {0: '+Z', 1: '+X', 2: '+Y', 3: '-X', 4: '-Y'}
[INFO] cube corner_reorder: {0: [0, 1, 2, 3], 1: [0, 1, 2, 3], 2: [0, 1, 2, 3], 3: [0, 1, 2, 3], 4: [0, 1, 2, 3]}

============================================================
[TEST 1] Cross-camera consistency
============================================================
  Events with 2+ cameras: 13
  Position error (vs mean):
    mean:   134.15 mm
    median: 134.90 mm
    max:    138.70 mm
    std:    3.07 mm
  Result: FAIL (threshold: 5mm)

============================================================
[TEST 2] Reprojection verification
============================================================
  Total observations: 48
  Reprojection error (current cube solve):
    mean:   0.570 px
    median: 0.601 px
    max:    0.894 px
    <1px:   48/48
  Result: PASS (threshold: 2px)

============================================================
[TEST 3] Hand-eye consistency (board stability)
============================================================
  Frames: 13
  Board position stability:
    std: 3.16 mm
    max: 13.85 mm
  Board rotation stability:
    mean: 2.161 deg
    max:  2.933 deg
  Result: FAIL (pos<3mm, rot<1deg)

============================================================
[SUMMARY]
============================================================
  Hand-eye method: PARK
  Data source: charuco
  Robot poses: 13
  Hand-eye events: 13
  ChArUco frames: 13
  Board reprojection mean: 0.502px
  Pose repeatability: 134.15mm / 39.886deg
  Depth mesh RMSE: 3.05mm | dim err: 6.14mm

  Transforms:
    T_C0_C1: pos=[142.8, 28.6, 1097.8]mm
    T_C0_C3: pos=[-363.9, -113.8, 716.3]mm
    T_base_C0: pos=[55.7, 199.4, 151.5]mm
    T_base_C1: pos=[412.3, 313.4, 96.5]mm
    T_base_C3: pos=[17.5, 354.4, 126.4]mm
    T_base_O: pos=[-63.4, 695.7, -2.5]mm
    T_gripper_cam: pos=[28.1, 31.2, -111.7]mm
[SAVE] /Users/woo/Documents/GitHub/Robot-Lab/rb-ArucoCube_Robot_multi_calibration/data/session/calib_compare/PARK/verification_metrics.json
[SAVE] /Users/woo/Documents/GitHub/Robot-Lab/rb-ArucoCube_Robot_multi_calibration/data/session/calib_compare/PARK/verify/selected_event_images_manifest.json
[SAVE] /Users/woo/Documents/GitHub/Robot-Lab/rb-ArucoCube_Robot_multi_calibration/data/session/calib_compare/PARK/verify/selected_event_images_cv_01.jpg
[SAVE] /Users/woo/Documents/GitHub/Robot-Lab/rb-ArucoCube_Robot_multi_calibration/data/session/calib_compare/PARK/verify/selected_event_images_cv_02.jpg
[SAVE] /Users/woo/Documents/GitHub/Robot-Lab/rb-ArucoCube_Robot_multi_calibration/data/session/calib_compare/PARK/verify/selected_event_images_cv_03.jpg

============================================================
[VIS] 3D Visualization
============================================================
[SAVE] /Users/woo/Documents/GitHub/Robot-Lab/rb-ArucoCube_Robot_multi_calibration/data/session/calib_compare/PARK/verify/3d_overview.png
[SAVE] /Users/woo/Documents/GitHub/Robot-Lab/rb-ArucoCube_Robot_multi_calibration/data/session/calib_compare/PARK/verify/base_frame_overview_3d_cv.png
[SAVE] /Users/woo/Documents/GitHub/Robot-Lab/rb-ArucoCube_Robot_multi_calibration/data/session/calib_compare/PARK/verify/error_histograms.png

============================================================
[VIS] Cube Candidate Diagnostics
============================================================
  Candidates: 56 total, 48 selected, 0 accepted
[SAVE] /Users/woo/Documents/GitHub/Robot-Lab/rb-ArucoCube_Robot_multi_calibration/data/session/calib_compare/PARK/verify/cube_candidate_scatter.png
[SAVE] /Users/woo/Documents/GitHub/Robot-Lab/rb-ArucoCube_Robot_multi_calibration/data/session/calib_compare/PARK/verify/cube_marker_health.png
[SAVE] /Users/woo/Documents/GitHub/Robot-Lab/rb-ArucoCube_Robot_multi_calibration/data/session/calib_compare/PARK/verify/cam0_candidate_examples.png
[SAVE] /Users/woo/Documents/GitHub/Robot-Lab/rb-ArucoCube_Robot_multi_calibration/data/session/calib_compare/PARK/verify/cam1_candidate_examples.png
[SAVE] /Users/woo/Documents/GitHub/Robot-Lab/rb-ArucoCube_Robot_multi_calibration/data/session/calib_compare/PARK/verify/cam2_candidate_examples.png
[SAVE] /Users/woo/Documents/GitHub/Robot-Lab/rb-ArucoCube_Robot_multi_calibration/data/session/calib_compare/PARK/verify/cam3_candidate_examples.png

============================================================
[VIS] Marker Override Diagnostics
============================================================
[SAVE] /Users/woo/Documents/GitHub/Robot-Lab/rb-ArucoCube_Robot_multi_calibration/data/session/calib_compare/PARK/verify/cube_override_diagnostic.json
[SAVE] /Users/woo/Documents/GitHub/Robot-Lab/rb-ArucoCube_Robot_multi_calibration/data/session/calib_compare/PARK/verify/cube_override_summary.png
  id0: current=+Z/p0123 rank=2 -> best=+Z/r0 delta=0.0
[SAVE] /Users/woo/Documents/GitHub/Robot-Lab/rb-ArucoCube_Robot_multi_calibration/data/session/calib_compare/PARK/verify/marker_id0_gallery.png
  id1: current=+X/p0123 rank=81 -> best=-X/flip_diag delta=486.8
[SAVE] /Users/woo/Documents/GitHub/Robot-Lab/rb-ArucoCube_Robot_multi_calibration/data/session/calib_compare/PARK/verify/marker_id1_gallery.png
  id2: current=+Y/p0123 rank=4 -> best=-Y/flip_y delta=13.3
[SAVE] /Users/woo/Documents/GitHub/Robot-Lab/rb-ArucoCube_Robot_multi_calibration/data/session/calib_compare/PARK/verify/marker_id2_gallery.png
  id3: current=-X/p0123 rank=40 -> best=-X/r90 delta=441.8
[SAVE] /Users/woo/Documents/GitHub/Robot-Lab/rb-ArucoCube_Robot_multi_calibration/data/session/calib_compare/PARK/verify/marker_id3_gallery.png
  id4: current=-Y/p0123 rank=103 -> best=+X/r270 delta=835.1
[SAVE] /Users/woo/Documents/GitHub/Robot-Lab/rb-ArucoCube_Robot_multi_calibration/data/session/calib_compare/PARK/verify/marker_id4_gallery.png

[DONE] Verification complete
