[INFO] cube config source: config_py:CubeConfig
[INFO] cube id_to_face: {0: '+Z', 1: '+X', 2: '+Y', 3: '-X', 4: '-Y'}
[INFO] set_cube_center priors: [0, 1, 4]
[INFO] all cams: [0, 1, 2, 3]
[INFO] gripper: cam2, fixed: [0, 1, 3], ref: cam0
[INFO] robot poses: 13

============================================================
[STEP-A] Cube PnP from metadata
============================================================
  cam0(F): 13 frames, reproj=0.521px
  cam1(F): 9 frames, reproj=0.585px
  cam2(G): 13 frames, reproj=0.642px
  cam3(F): 13 frames, reproj=0.511px

============================================================
[STEP-A2] ChArUco board from gripper camera
============================================================
  ChArUco total: 13 frames, reproj=0.338px

============================================================
[STEP-B] Fixed camera extrinsics (ref=cam0)
============================================================
  T_C0_C1: 9fr rot=16.492deg trans=156.23mm
  T_C0_C3: 13fr rot=4.276deg trans=24.02mm

============================================================
[STEP-C] Hand-eye (gripper=cam2)
============================================================
  Using ChArUco board (13 common events)
  [PARK] score=86.782 (board=5.025, cube=20.448, trans=1.92mm, NO_REFINE+50) rot=0.310deg (NO REFINE)
  [BEST] PARK -> T_gripper_cam.npy
  T_base_board: 13 frames, pos_std=[0.8,0.9,1.7]mm

============================================================
[STEP-D] Fixed cameras in robot base frame
============================================================
  --- D-1: Board-based (ChArUco) ---
  T_base_C0: 4/8fr (board) rot=0.025deg trans=0.10mm
  cam1: board not visible (0 frames)
  T_base_C3: 7/7fr (board) rot=0.150deg trans=1.27mm
  --- D-1b: Cube-primary fixed camera base transforms ---
  T_base_C0: 13fr (cube) rot=1.246deg trans=13.18mm
  T_base_C1: 9fr (cube) rot=0.617deg trans=6.20mm
  T_base_C3: 13fr (cube) rot=1.020deg trans=11.39mm
  [FINAL] T_base_C0: method=cube_anchor_primary rot=1.246deg trans=13.18mm
  [FINAL] T_base_C1: method=cube_anchor_primary rot=0.617deg trans=6.20mm
  [FINAL] T_base_C3: method=cube_anchor_primary+board_refined(a=0.70) rot=1.020deg trans=11.39mm
  --- D-1.5: Object anchor from fixed-camera cube consensus ---
  gripper event transforms from fixed consensus: 9 events
  internal_runtime/gripper_base_pose_model.json (9 samples)
  T_base_O from cube consensus: 13/13 events
  internal_runtime/set_cube_center_prior.json (support=3)
  --- D-1.6: Set-prior + depth refinement pass ---
  [PRIOR] T_base_C0: method=cube_anchor_primary rot=44.346deg trans=253.44mm
  [PRIOR] T_base_C1: method=cube_anchor_primary rot=0.004deg trans=0.08mm
  [PRIOR] T_base_C3: method=cube_anchor_primary rot=68.497deg trans=221.11mm

============================================================
[STEP-D-2] Set-consistency refinement of T_base_C*
============================================================
  KEPT    T_base_C0: skipped refinement (reason=delta_exceeds_guard, Δ would be 316.0mm/47.11°)
  KEPT    T_base_C1: skipped refinement (reason=delta_exceeds_guard, Δ would be 262.7mm/32.61°)
  KEPT    T_base_C3: skipped refinement (reason=delta_exceeds_guard, Δ would be 614.3mm/163.35°)
  internal_runtime/T_base_O_set0.npy (hybrid_fixed_translation_gripper_rotation+set_prior, support=4)
  internal_runtime/T_base_O_set1.npy (hybrid_fixed_translation_gripper_rotation+set_prior, support=6)
  internal_runtime/T_base_O_set4.npy (hybrid_fixed_translation_gripper_rotation+set_prior, support=3)
  T_base_O.npy (cube_consensus_fixed_cams+set_prior_refined)

============================================================
Calibration COMPLETE
============================================================
  source: ChArUco board (PARK)
  output: /Users/woo/Documents/GitHub/Robot-Lab/rb-ArucoCube_Robot_multi_calibration/data/session/calib_compare/PARK
    T_C0_C0
    T_C0_C1
    T_C0_C3
    T_gripper_cam
    T_base_O
    T_base_C0
    T_base_C1
    T_base_C3
