[INFO] cube config source: config_py:CubeConfig
[INFO] cube id_to_face: {0: '+Z', 1: '+X', 2: '+Y', 3: '-X', 4: '-Y'}
[INFO] set_cube_center priors: none
[INFO] all cams: [0, 1, 2, 3]
[INFO] gripper: cam2, fixed: [0, 1, 3], ref: cam0
[INFO] robot poses: 53

============================================================
[STEP-A] Cube PnP from metadata
============================================================
  cam0(F): 53 frames, reproj=0.681px
  cam1(F): 53 frames, reproj=0.567px
  cam2(G): 53 frames, reproj=0.667px
  cam3(F): 53 frames, reproj=0.658px

============================================================
[STEP-A2] ChArUco board from gripper camera
============================================================
  ChArUco total: 53 frames, reproj=0.346px

============================================================
[STEP-B] Fixed camera extrinsics (ref=cam0)
============================================================
  T_C0_C1: 53fr rot=0.861deg trans=9.73mm
  T_C0_C3: 53fr rot=0.610deg trans=6.74mm

============================================================
[STEP-C] Hand-eye (gripper=cam2)
============================================================
  Using ChArUco board (53 common events)
  [TSAI] score=127.046 (board=11.501, cube=295.589, trans=3.91mm, NO_REFINE+50) rot=0.759deg (NO REFINE)
  [HE-refine] joint board+cube RMS: 2.40 -> 2.11
  [HE-refine] adopted refined T_gripper_cam
  [BEST] TSAI -> T_gripper_cam.npy
  T_base_board: 53 frames, pos_std=[2.7,2.0,2.2]mm

============================================================
[STEP-D] Fixed cameras in robot base frame
============================================================
  --- D-1: Board-based (ChArUco) ---
  T_base_C0: 44/48fr (board) rot=0.259deg trans=2.53mm
  T_base_C1: 49/51fr (board) rot=0.272deg trans=2.53mm
  T_base_C3: 44/52fr (board) rot=0.283deg trans=1.94mm
  --- D-1b: Cube-primary fixed camera base transforms ---
  T_base_C0: 53fr (cube) rot=0.555deg trans=4.64mm
  T_base_C1: 53fr (cube) rot=0.557deg trans=7.01mm
  T_base_C3: 53fr (cube) rot=0.702deg trans=5.06mm
  [FINAL] T_base_C0: method=board_based+board_refined(a=0.64) rot=0.259deg trans=2.53mm
  [FINAL] T_base_C1: method=board_based+board_refined(a=0.70) rot=0.272deg trans=2.53mm
  [FINAL] T_base_C3: method=board_based+board_refined(a=0.70) rot=0.283deg trans=1.94mm
  --- D-1.5: Object anchor from fixed-camera cube consensus ---
  gripper event transforms from fixed consensus: 47 events
  internal_runtime/gripper_base_pose_model.json (47 samples)
  T_base_O from cube consensus: 53/53 events

============================================================
[STEP-D-2] Set-consistency refinement (cube-observation prior)
============================================================
  refined T_base_C0: trans_std=5.44mm rot_std=0.410° (Δ 0.81mm/0.117°, step=1.00, reason=adopted)
  refined T_base_C1: trans_std=9.02mm rot_std=0.709° (Δ 2.62mm/0.254°, step=1.00, reason=adopted)
  refined T_base_C3: trans_std=5.61mm rot_std=0.861° (Δ 2.49mm/1.903°, step=1.00, reason=adopted)
  internal_runtime/T_base_O_set1.npy (hybrid_fixed_translation_gripper_rotation, support=6)
  internal_runtime/T_base_O_set2.npy (hybrid_fixed_translation_gripper_rotation, support=6)
  internal_runtime/T_base_O_set3.npy (hybrid_fixed_translation_gripper_rotation, support=8)
  internal_runtime/T_base_O_set4.npy (hybrid_fixed_translation_gripper_rotation, support=9)
  internal_runtime/T_base_O_set5.npy (hybrid_fixed_translation_gripper_rotation, support=8)
  internal_runtime/T_base_O_set6.npy (hybrid_fixed_translation_gripper_rotation, support=9)
  internal_runtime/T_base_O_set7.npy (hybrid_fixed_translation_gripper_rotation, support=7)
  T_base_O.npy (cube_consensus_fixed_cams)

============================================================
Calibration COMPLETE
============================================================
  source: ChArUco board (TSAI)
  output: /Users/woo/Documents/GitHub/Robot-Lab/rb-ArucoCube_Robot_multi_calibration/data/session/calib_compare/TSAI
    T_C0_C0
    T_C0_C1
    T_C0_C3
    T_gripper_cam
    T_base_O
    T_base_C0
    T_base_C1
    T_base_C3
